2024-11-03 13:48:55,538 - ERROR - Please specify the type of run: 'daily', 'full' or 'theme'
2024-11-25 21:34:57,963 - INFO - Pyenv is already installed.
2024-11-25 21:34:58,606 - INFO - Virtual environment legislai-query-enhancement already exists.
2024-11-25 21:34:58,607 - INFO - Installing dependencies...
2024-11-27 19:17:16,186 - INFO - Pyenv is already installed.
2024-11-27 19:17:16,234 - INFO - Deleting all virtual environments...
2024-11-27 19:17:17,093 - INFO - Deleting virtual environment legislai-query-enhancement...
2024-11-27 19:17:18,799 - INFO - Deleting virtual environment legislai-bin...
2024-11-27 19:17:20,885 - INFO - Deleting virtual environment legislai-scraper...
2024-11-27 19:17:23,378 - INFO - Deleting virtual environment legislai-users...
2024-11-27 19:17:25,269 - INFO - Deleting virtual environment legislai-ocr...
2024-11-27 19:17:33,518 - INFO - Deleting virtual environment legislai-rag...
2024-11-27 19:17:39,877 - INFO - Deleting virtual environment legislai-retriever...
2024-11-27 19:17:45,136 - INFO - Virtual environment legislai-prompt-specialists not found.
2024-11-27 19:17:45,584 - INFO - Deleting virtual environment legislai-backend...
2024-11-27 19:17:48,672 - INFO - Virtual environment legislai-rag-api not found.
2024-11-27 19:17:49,047 - INFO - Deleting virtual environment legislai-authentication...
2024-11-27 19:17:50,587 - INFO - Deleting virtual environment legislai-conversation...
2024-11-27 19:17:51,853 - INFO - Creating virtual environment legislai-query-enhancement with Python 3.12.6...
2024-11-27 19:17:54,895 - INFO - Installing dependencies from /Users/ctw03833/Desktop/legislai/legislai-be/requirements.txt...
2024-11-27 19:18:01,007 - INFO - Creating virtual environment legislai-bin with Python 3.12.6...
2024-11-27 19:18:01,858 - INFO - Installing dependencies from /Users/ctw03833/Desktop/legislai/legislai-be/bin/requirements.txt...
2024-11-27 19:18:11,581 - INFO - Creating virtual environment legislai-scraper with Python 3.12.6...
2024-11-27 19:18:12,544 - INFO - Installing dependencies from /Users/ctw03833/Desktop/legislai/legislai-be/bin/scraper/requirements.txt...
2024-11-27 19:18:30,097 - INFO - Creating virtual environment legislai-users with Python 3.12.6...
2024-11-27 19:18:31,028 - INFO - Installing dependencies from /Users/ctw03833/Desktop/legislai/legislai-be/rag_api/requirements.txt...
2024-11-27 19:18:39,593 - INFO - Creating virtual environment legislai-ocr with Python 3.12.6...
2024-11-27 19:18:40,490 - INFO - Installing dependencies from /Users/ctw03833/Desktop/legislai/legislai-be/ocr/requirements.txt...
2024-11-27 19:19:49,792 - INFO - Creating virtual environment legislai-rag with Python 3.12.6...
2024-11-27 19:19:50,868 - INFO - Installing dependencies from /Users/ctw03833/Desktop/legislai/legislai-be/RAG/requirements.txt...
2024-11-27 19:20:45,292 - INFO - Creating virtual environment legislai-retriever with Python 3.12.6...
2024-11-27 19:20:48,125 - INFO - Installing dependencies from /Users/ctw03833/Desktop/legislai/legislai-be/RAG/Retriever/requirements.txt...
2024-11-27 19:21:32,909 - INFO - Creating virtual environment legislai-prompt-specialists with Python 3.12.6...
2024-11-27 19:21:35,709 - INFO - Installing dependencies from /Users/ctw03833/Desktop/legislai/legislai-be/RAG/QueryEnhancement/requirements.txt...
2024-11-27 19:22:05,090 - INFO - Creating virtual environment legislai-backend with Python 3.12.6...
2024-11-27 19:22:07,779 - INFO - Installing dependencies from /Users/ctw03833/Desktop/legislai/legislai-be/RAG/prompt_specialists/requirements.txt...
2024-11-27 19:22:28,687 - INFO - Creating virtual environment legislai-rag-api with Python 3.12.6...
2024-11-27 19:22:29,665 - INFO - Installing dependencies from /Users/ctw03833/Desktop/legislai/legislai-be/users/requirements.txt...
2024-11-27 19:22:41,039 - INFO - Creating virtual environment legislai-authentication with Python 3.12.6...
2024-11-27 19:22:42,019 - INFO - Installing dependencies from /Users/ctw03833/Desktop/legislai/legislai-be/authentication/requirements.txt...
2024-11-27 19:22:51,084 - INFO - Creating virtual environment legislai-conversation with Python 3.12.6...
2024-11-27 19:22:52,069 - INFO - Installing dependencies from /Users/ctw03833/Desktop/legislai/legislai-be/conversation/requirements.txt...
