2024-10-12 18:02:18,767 - INFO - Scraping theme: Arrendamento
2024-10-12 18:02:22,088 - INFO - Scraping page: https://diariodarepublica.pt/dr/legislacao-consolidada-pesquisa/arrendamento
2024-10-12 18:02:25,609 - INFO - Scraped article saved to theme_data/Arrendamento/Novo_regime_do_arrendamento_apoiado_para_habitação.json
2024-10-12 18:02:29,405 - INFO - Scraped article saved to theme_data/Arrendamento/Definição_do_conceito_fiscal_de_prédio_devoluto.json
2024-10-12 18:02:33,578 - INFO - Scraped article saved to theme_data/Arrendamento/Programa_Porta_65_-_Arrendamento_por_Jovens,_instrumento_de_apoio_financeiro_ao_arrendamento_por_jovens.json
2024-10-12 18:02:37,651 - INFO - Scraped article saved to theme_data/Arrendamento/Regras_do_funcionamento_do_Balcão_Nacional_do_Arrendamento_e_do_procedimento_especial_de_despejo.json
2024-10-12 18:02:40,721 - INFO - Scraped article saved to theme_data/Arrendamento/Registo_de_candidatura_ao_Programa_de_Arrendamento_Acessível.json
2024-10-12 18:02:44,512 - INFO - Scraped article saved to theme_data/Arrendamento/Regime_do_Procedimento_de_Injunção_em_Matéria_de_Arrendamento.json
2024-10-12 18:02:48,538 - ERROR - An error occurred while scraping: [Errno 36] File name too long: 'theme_data/Arrendamento/Estabelece_o_regime_do_subsídio_de_renda_a_atribuir_aos_arrendatários_com_contratos_de_arrendamento_para_habitação,_celebrados_antes_de_18_de_novembro_de_1990,_em_processo_de_atualização_de_renda,_e_o_regime_de_determinação_do_rendimento_anual_bruto_corrigido.json'
2024-10-12 18:02:52,342 - INFO - Scraped article saved to theme_data/Arrendamento/Regulamenta_o_regime_do_procedimento_de_injunção_em_matéria_de_arrendamento.json
2024-10-12 18:02:52,404 - INFO - Scraped page: 0/1
2024-10-12 18:02:52,488 - INFO - Scraping theme: Penal
2024-10-12 18:02:55,305 - INFO - Scraping page: https://diariodarepublica.pt/dr/legislacao-consolidada-pesquisa/penal
2024-10-12 18:02:59,159 - ERROR - An error occurred while scraping: [Errno 36] File name too long: 'theme_data/Penal/Estabelece_os_princípios_gerais_que_regem_a_organização_e_o_funcionamento_da_identificação_criminal,_transpondo_para_a_ordem_jurídica_interna_a_Decisão-Quadro_2009_315_JAI,_do_Conselho,_de_26_de_fevereiro_de_2009,_relativa_à_organização_e_ao_conteúdo_do_intercâmbio_de_informações_extraídas_do_registo_criminal_entre_os_Estados_membros,_e_revoga_a_Lei_n.º_57_98,_de_18_de_agosto.json'
2024-10-12 18:03:03,255 - ERROR - An error occurred while scraping: [Errno 36] File name too long: 'theme_data/Penal/Regime_jurídico_da_emissão,_do_reconhecimento_e_da_fiscalização_da_execução_de_decisões_sobre_medidas_de_coação_em_alternativa_à_prisão_preventiva,_bem_como_da_entrega_de_uma_pessoa_singular_entre_Estados_membros_no_caso_de_incumprimento_das_medidas_impostas,_transpondo_a_Decisão-Quadro_2009_829_JAI_do_Conselho,_de_23_de_outubro_de_2009.json'
2024-10-12 18:03:07,319 - INFO - Scraped article saved to theme_data/Penal/Criação_de_uma_base_de_dados_de_perfis_de_ADN_para_fins_de_identificação_civil_e_criminal.json
2024-10-12 18:03:09,639 - WARNING - Retrying (Retry(total=2, connect=None, read=None, redirect=None, status=None)) after connection broken by 'ProtocolError('Connection aborted.', ConnectionResetError(104, 'Connection reset by peer'))': /session/3651ee4991f3a838485a8ee3e1e7e926
2024-10-12 18:03:09,640 - WARNING - Retrying (Retry(total=1, connect=None, read=None, redirect=None, status=None)) after connection broken by 'NewConnectionError('<urllib3.connection.HTTPConnection object at 0x71b5525ebc40>: Failed to establish a new connection: [Errno 111] Connection refused')': /session/3651ee4991f3a838485a8ee3e1e7e926
2024-10-12 18:03:09,640 - WARNING - Retrying (Retry(total=0, connect=None, read=None, redirect=None, status=None)) after connection broken by 'NewConnectionError('<urllib3.connection.HTTPConnection object at 0x71b5525ea3e0>: Failed to establish a new connection: [Errno 111] Connection refused')': /session/3651ee4991f3a838485a8ee3e1e7e926
2024-10-12 18:03:09,642 - WARNING - Retrying (Retry(total=2, connect=None, read=None, redirect=None, status=None)) after connection broken by 'NewConnectionError('<urllib3.connection.HTTPConnection object at 0x71b5525e94e0>: Failed to establish a new connection: [Errno 111] Connection refused')': /session/c4ff483c8c02072a9850c134561ec5cc
2024-10-12 18:03:09,643 - WARNING - Retrying (Retry(total=1, connect=None, read=None, redirect=None, status=None)) after connection broken by 'NewConnectionError('<urllib3.connection.HTTPConnection object at 0x71b5525e9210>: Failed to establish a new connection: [Errno 111] Connection refused')': /session/c4ff483c8c02072a9850c134561ec5cc
2024-10-12 18:03:09,644 - WARNING - Retrying (Retry(total=0, connect=None, read=None, redirect=None, status=None)) after connection broken by 'NewConnectionError('<urllib3.connection.HTTPConnection object at 0x71b5525e9b40>: Failed to establish a new connection: [Errno 111] Connection refused')': /session/c4ff483c8c02072a9850c134561ec5cc
2024-10-12 18:03:09,648 - WARNING - Retrying (Retry(total=2, connect=None, read=None, redirect=None, status=None)) after connection broken by 'NewConnectionError('<urllib3.connection.HTTPConnection object at 0x71b5528b7520>: Failed to establish a new connection: [Errno 111] Connection refused')': /session/ed402576fb6f2593ab1698a5889f6ac9
2024-10-12 18:03:09,649 - WARNING - Retrying (Retry(total=1, connect=None, read=None, redirect=None, status=None)) after connection broken by 'NewConnectionError('<urllib3.connection.HTTPConnection object at 0x71b5525ea170>: Failed to establish a new connection: [Errno 111] Connection refused')': /session/ed402576fb6f2593ab1698a5889f6ac9
2024-10-12 18:03:09,649 - WARNING - Retrying (Retry(total=0, connect=None, read=None, redirect=None, status=None)) after connection broken by 'NewConnectionError('<urllib3.connection.HTTPConnection object at 0x71b5525eaef0>: Failed to establish a new connection: [Errno 111] Connection refused')': /session/ed402576fb6f2593ab1698a5889f6ac9
